ERROR:sasdocs.program: "\\hefce\ASDPROJECTS\HESA AP Student\2017-18\Data checking tool\Code\Live\APsafe_web.sas": Unable to parse file: sequence item 1: expected str instance, macroVariable found
ERROR:sasdocs.program: "&SLC_CODE_PATH.\SLCCOM OUTPUTS.SAS": Unable to read file: [Errno 2] No such file or directory: '&SLC_CODE_PATH.\\SLCCOM OUTPUTS.SAS'
ERROR:sasdocs.program: "&HEAP_CODE_PATH\HEAPES RE-CREATION DATASETS.SAS": Unable to read file: [Errno 2] No such file or directory: '&HEAP_CODE_PATH\\HEAPES RE-CREATION DATASETS.SAS'
ERROR:sasdocs.program: "&aphesacodelib.\regionalDerivedFieldsAP1718.sas": Unable to read file: [Errno 2] No such file or directory: '&aphesacodelib.\\regionalDerivedFieldsAP1718.sas'
ERROR:sasdocs.program: "&FYOUT_CODE_PATH\FINAL YEAR OUTCOME METRICS DERIVED FIELDS.SAS": Unable to read file: [Errno 2] No such file or directory: '&FYOUT_CODE_PATH\\FINAL YEAR OUTCOME METRICS DERIVED FIELDS.SAS'
ERROR:sasdocs.program: "\\hefce\ASDPROJECTS\DataImports\SASCodeLibrary\OutputCheckingUtilities\nullcompare_module.sas": Unable to parse file: 'str' object has no attribute 'name'
ERROR:sasdocs.program: "&PEAR_CODE_PATH\PEARCOM DERIVED FIELDS.SAS": Unable to read file: [Errno 2] No such file or directory: '&PEAR_CODE_PATH\\PEARCOM DERIVED FIELDS.SAS'
ERROR:sasdocs.program: "&SLC_CODE_PATH.\SLCCOM DERIVED FIELDS.SAS": Unable to read file: [Errno 2] No such file or directory: '&SLC_CODE_PATH.\\SLCCOM DERIVED FIELDS.SAS'
ERROR:sasdocs.program: "&FYOUT_CODE_PATH\FINAL YEAR OUTCOME METRICS UPDATE SQL.SAS": Unable to read file: [Errno 2] No such file or directory: '&FYOUT_CODE_PATH\\FINAL YEAR OUTCOME METRICS UPDATE SQL.SAS'
ERROR:sasdocs.program: "&HEAP_CODE_PATH.\HEAPES RE-CREATION DVQS.SAS": Unable to read file: [Errno 2] No such file or directory: '&HEAP_CODE_PATH.\\HEAPES RE-CREATION DVQS.SAS'
ERROR:sasdocs.program: "&filepath.": Unable to read file: [Errno 2] No such file or directory: '&filepath.'
ERROR:sasdocs.program: "&HEAP_CODE_PATH\HEAPES RE-CREATION OUTPUTS.SAS": Unable to read file: [Errno 2] No such file or directory: '&HEAP_CODE_PATH\\HEAPES RE-CREATION OUTPUTS.SAS'
ERROR:sasdocs.program: "&HEAP_CODE_PATH\HEAPES RE-CREATION UPDATE SQL.SAS": Unable to read file: [Errno 2] No such file or directory: '&HEAP_CODE_PATH\\HEAPES RE-CREATION UPDATE SQL.SAS'
ERROR:sasdocs.program: "&PEAR_CODE_PATH\PEARCOM UPDATE SQL.SAS": Unable to read file: [Errno 2] No such file or directory: '&PEAR_CODE_PATH\\PEARCOM UPDATE SQL.SAS'
ERROR:sasdocs.program: "&HEAP_CODE_PATH\HEAPES RE-CREATION DERIVED FIELDS.SAS": Unable to read file: [Errno 2] No such file or directory: '&HEAP_CODE_PATH\\HEAPES RE-CREATION DERIVED FIELDS.SAS'
ERROR:sasdocs.program: "&FYOUT_CODE_PATH\FINAL YEAR OUTCOME METRICS DATASETS.SAS": Unable to read file: [Errno 2] No such file or directory: '&FYOUT_CODE_PATH\\FINAL YEAR OUTCOME METRICS DATASETS.SAS'
ERROR:sasdocs.program: "&PEAR_CODE_PATH.\PEARCOM DVQS.SAS": Unable to read file: [Errno 2] No such file or directory: '&PEAR_CODE_PATH.\\PEARCOM DVQS.SAS'
ERROR:sasdocs.program: "&SLC_CODE_PATH.\SLCCOM UPDATE SQL.SAS": Unable to read file: [Errno 2] No such file or directory: '&SLC_CODE_PATH.\\SLCCOM UPDATE SQL.SAS'
ERROR:sasdocs.program: "&PEAR_CODE_PATH\PEARCOM OUTPUTS.SAS": Unable to read file: [Errno 2] No such file or directory: '&PEAR_CODE_PATH\\PEARCOM OUTPUTS.SAS'
ERROR:sasdocs.program: "&SLC_CODE_PATH.\SLCCOM DVQS.SAS": Unable to read file: [Errno 2] No such file or directory: '&SLC_CODE_PATH.\\SLCCOM DVQS.SAS'
ERROR:sasdocs.program: "&PEAR_CODE_PATH\PEARCOM DATASETS.SAS": Unable to read file: [Errno 2] No such file or directory: '&PEAR_CODE_PATH\\PEARCOM DATASETS.SAS'
ERROR:sasdocs.program: "&FYOUT_CODE_PATH\FINAL YEAR OUTCOME METRICS OUTPUTS.SAS": Unable to read file: [Errno 2] No such file or directory: '&FYOUT_CODE_PATH\\FINAL YEAR OUTCOME METRICS OUTPUTS.SAS'
ERROR:sasdocs.program: "\\hefce\ASDPROJECTS\DataImports\SASCodeLibrary\OutputCheckingUtilities\IDbigDiff_module.sas": Unable to parse file: 'comment' object has no attribute 'name'
ERROR:sasdocs.program: "&SLC_CODE_PATH.\SLCCOM DATASETS.SAS": Unable to read file: [Errno 2] No such file or directory: '&SLC_CODE_PATH.\\SLCCOM DATASETS.SAS'
ERROR:sasdocs.program: "&SLC_CODE_PATH.\SLCCOM OUTPUTS.SAS": Unable to read file: [Errno 2] No such file or directory: '&SLC_CODE_PATH.\\SLCCOM OUTPUTS.SAS'
ERROR:sasdocs.program: "&HEAP_CODE_PATH\HEAPES RE-CREATION DATASETS.SAS": Unable to read file: [Errno 2] No such file or directory: '&HEAP_CODE_PATH\\HEAPES RE-CREATION DATASETS.SAS'
ERROR:sasdocs.program: "&aphesacodelib.\regionalDerivedFieldsAP1718.sas": Unable to read file: [Errno 2] No such file or directory: '&aphesacodelib.\\regionalDerivedFieldsAP1718.sas'
ERROR:sasdocs.program: "&FYOUT_CODE_PATH\FINAL YEAR OUTCOME METRICS DERIVED FIELDS.SAS": Unable to read file: [Errno 2] No such file or directory: '&FYOUT_CODE_PATH\\FINAL YEAR OUTCOME METRICS DERIVED FIELDS.SAS'
ERROR:sasdocs.program: "\\hefce\ASDPROJECTS\DataImports\SASCodeLibrary\OutputCheckingUtilities\nullcompare_module.sas": Unable to parse file: 'str' object has no attribute 'name'
ERROR:sasdocs.program: "&PEAR_CODE_PATH\PEARCOM DERIVED FIELDS.SAS": Unable to read file: [Errno 2] No such file or directory: '&PEAR_CODE_PATH\\PEARCOM DERIVED FIELDS.SAS'
ERROR:sasdocs.program: "&SLC_CODE_PATH.\SLCCOM DERIVED FIELDS.SAS": Unable to read file: [Errno 2] No such file or directory: '&SLC_CODE_PATH.\\SLCCOM DERIVED FIELDS.SAS'
ERROR:sasdocs.program: "&FYOUT_CODE_PATH\FINAL YEAR OUTCOME METRICS UPDATE SQL.SAS": Unable to read file: [Errno 2] No such file or directory: '&FYOUT_CODE_PATH\\FINAL YEAR OUTCOME METRICS UPDATE SQL.SAS'
ERROR:sasdocs.program: "&HEAP_CODE_PATH.\HEAPES RE-CREATION DVQS.SAS": Unable to read file: [Errno 2] No such file or directory: '&HEAP_CODE_PATH.\\HEAPES RE-CREATION DVQS.SAS'
ERROR:sasdocs.program: "&filepath.": Unable to read file: [Errno 2] No such file or directory: '&filepath.'
ERROR:sasdocs.program: "&HEAP_CODE_PATH\HEAPES RE-CREATION OUTPUTS.SAS": Unable to read file: [Errno 2] No such file or directory: '&HEAP_CODE_PATH\\HEAPES RE-CREATION OUTPUTS.SAS'
ERROR:sasdocs.program: "&HEAP_CODE_PATH\HEAPES RE-CREATION UPDATE SQL.SAS": Unable to read file: [Errno 2] No such file or directory: '&HEAP_CODE_PATH\\HEAPES RE-CREATION UPDATE SQL.SAS'
ERROR:sasdocs.program: "&PEAR_CODE_PATH\PEARCOM UPDATE SQL.SAS": Unable to read file: [Errno 2] No such file or directory: '&PEAR_CODE_PATH\\PEARCOM UPDATE SQL.SAS'
ERROR:sasdocs.program: "&HEAP_CODE_PATH\HEAPES RE-CREATION DERIVED FIELDS.SAS": Unable to read file: [Errno 2] No such file or directory: '&HEAP_CODE_PATH\\HEAPES RE-CREATION DERIVED FIELDS.SAS'
ERROR:sasdocs.program: "&FYOUT_CODE_PATH\FINAL YEAR OUTCOME METRICS DATASETS.SAS": Unable to read file: [Errno 2] No such file or directory: '&FYOUT_CODE_PATH\\FINAL YEAR OUTCOME METRICS DATASETS.SAS'
ERROR:sasdocs.program: "&PEAR_CODE_PATH.\PEARCOM DVQS.SAS": Unable to read file: [Errno 2] No such file or directory: '&PEAR_CODE_PATH.\\PEARCOM DVQS.SAS'
ERROR:sasdocs.program: "&SLC_CODE_PATH.\SLCCOM UPDATE SQL.SAS": Unable to read file: [Errno 2] No such file or directory: '&SLC_CODE_PATH.\\SLCCOM UPDATE SQL.SAS'
ERROR:sasdocs.program: "&PEAR_CODE_PATH\PEARCOM OUTPUTS.SAS": Unable to read file: [Errno 2] No such file or directory: '&PEAR_CODE_PATH\\PEARCOM OUTPUTS.SAS'
ERROR:sasdocs.program: "&SLC_CODE_PATH.\SLCCOM DVQS.SAS": Unable to read file: [Errno 2] No such file or directory: '&SLC_CODE_PATH.\\SLCCOM DVQS.SAS'
ERROR:sasdocs.program: "&PEAR_CODE_PATH\PEARCOM DATASETS.SAS": Unable to read file: [Errno 2] No such file or directory: '&PEAR_CODE_PATH\\PEARCOM DATASETS.SAS'
ERROR:sasdocs.program: "&FYOUT_CODE_PATH\FINAL YEAR OUTCOME METRICS OUTPUTS.SAS": Unable to read file: [Errno 2] No such file or directory: '&FYOUT_CODE_PATH\\FINAL YEAR OUTCOME METRICS OUTPUTS.SAS'
ERROR:sasdocs.program: "\\hefce\ASDPROJECTS\DataImports\SASCodeLibrary\OutputCheckingUtilities\IDbigDiff_module.sas": Unable to parse file: 'comment' object has no attribute 'name'
ERROR:sasdocs.program: "\\hefce\ASDPROJECTS\DataImports\SASCodeLibrary\DILoadingCodeUtilities\Testgo_module.sas": Unable to parse file: 'comment' object has no attribute 'name'
ERROR:sasdocs.program: "&SLC_CODE_PATH.\SLCCOM DATASETS.SAS": Unable to read file: [Errno 2] No such file or directory: '&SLC_CODE_PATH.\\SLCCOM DATASETS.SAS'
ERROR:sasdocs.program: "\\hefce\ASDPROJECTS\DataImports\SASCodeLibrary\DILoadingCodeUtilities\Testgo_module.sas": Unable to parse file: 'comment' object has no attribute 'name'
ERROR:sasdocs.program: "\\hefce\ASDPROJECTS\DataImports\SASCodeLibrary\DILoadingCodeUtilities\Testgo_module.sas": Unable to parse file: 'comment' object has no attribute 'name'
ERROR:sasdocs.program: "\\hefce\ASDPROJECTS\DataImports\SASCodeLibrary\DILoadingCodeUtilities\Testgo_module.sas": Unable to parse file: 'comment' object has no attribute 'name'
ERROR:sasdocs.program: "\\hefce\ASDPROJECTS\DataImports\SASCodeLibrary\DILoadingCodeUtilities\Testgo_module.sas": Unable to parse file: 'comment' object has no attribute 'name'
ERROR:sasdocs.program: "\\hefce\ASDPROJECTS\DataImports\SASCodeLibrary\DILoadingCodeUtilities\Testgo_module.sas": Unable to parse file: 'comment' object has no attribute 'name'
ERROR:sasdocs.program: "\\hefce\ASDPROJECTS\HESA AP Student\2017-18\Data checking tool\Code\Live\APsafe_web.sas": Unable to parse file: sequence item 1: expected str instance, macroVariable found
ERROR:sasdocs.program: "\\hefce\ASDPROJECTS\HESA AP Student\2017-18\Data checking tool\Code\Live\MACROs.sas": Unable to parse file: __init__() got an unexpected keyword argument 'name'
ERROR:sasdocs.program: "\\hefce\ASDPROJECTS\HESA AP Student\2017-18\Data checking tool\Code\Live\package all files.sas": Unable to parse file: __init__() got an unexpected keyword argument 'name'
ERROR:sasdocs.program: "\\hefce\ASDPROJECTS\HESA AP Student\2017-18\Data checking tool\Code\Live\HEAPES\HEAPES re-creation derived fields.sas": Unable to parse file: __init__() got an unexpected keyword argument 'name'
ERROR:sasdocs.program: "\\hefce\ASDPROJECTS\HESA AP Student\2017-18\Data checking tool\Code\Live\HEAPES\HEAPES re-creation DVQs.sas": Unable to parse file: __init__() got an unexpected keyword argument 'name'
ERROR:sasdocs.program: "\\hefce\ASDPROJECTS\HESA AP Student\2017-18\Data checking tool\Code\Live\HEAPES\HEAPES re-creation outputs.sas": Unable to parse file: __init__() got an unexpected keyword argument 'name'
ERROR:sasdocs.program: "\\hefce\ASDPROJECTS\HESA AP Student\2017-18\Data checking tool\Code\Live\HEAPES\HEAPES re-creation wrapper.sas": Unable to parse file: __init__() got an unexpected keyword argument 'name'
ERROR:sasdocs.program: "\\hefce\ASDPROJECTS\HESA AP Student\2017-18\Data checking tool\Code\Live\LoadingInCode\GeneralAPHESAWrapper20172018AmndExtranet.sas": Unable to parse file: __init__() got an unexpected keyword argument 'name'
ERROR:sasdocs.program: "\\hefce\ASDPROJECTS\HESA AP Student\2017-18\Data checking tool\Code\Live\LoadingInCode\regionalDerivedFieldsStu1617.sas": Unable to parse file: __init__() got an unexpected keyword argument 'name'
ERROR:sasdocs.program: "\\hefce\ASDPROJECTS\HESA AP Student\2017-18\Data checking tool\Code\Live\LoadingInCode\xmlAPHESARecordAmend20172018.sas": Unable to parse file: __init__() got an unexpected keyword argument 'name'
ERROR:sasdocs.program: "\\hefce\ASDPROJECTS\HESA AP Student\2017-18\Data checking tool\Code\Live\LoadingInCode\xmlAPHESARecordAmend20172018_meta.sas": Unable to parse file: __init__() got an unexpected keyword argument 'name'
ERROR:sasdocs.program: "\\hefce\ASDPROJECTS\HESA AP Student\2017-18\Data checking tool\Code\Live\Outcomes\Final year outcome metrics derived fields.sas": Unable to parse file: __init__() got an unexpected keyword argument 'name'
ERROR:sasdocs.program: "\\hefce\ASDPROJECTS\HESA AP Student\2017-18\Data checking tool\Code\Live\Outcomes\Final year outcome metrics outputs.sas": Unable to parse file: __init__() got an unexpected keyword argument 'name'
ERROR:sasdocs.program: "\\hefce\ASDPROJECTS\HESA AP Student\2017-18\Data checking tool\Code\Live\Outcomes\FYOUT wrapper.sas": Unable to parse file: __init__() got an unexpected keyword argument 'name'
ERROR:sasdocs.program: "\\hefce\ASDPROJECTS\HESA AP Student\2017-18\Data checking tool\Code\Live\Pearson\PEARCOM derived fields.sas": Unable to parse file: __init__() got an unexpected keyword argument 'name'
ERROR:sasdocs.program: "\\hefce\ASDPROJECTS\HESA AP Student\2017-18\Data checking tool\Code\Live\Pearson\PEARCOM DVQs.sas": Unable to parse file: __init__() got an unexpected keyword argument 'name'
ERROR:sasdocs.program: "\\hefce\ASDPROJECTS\HESA AP Student\2017-18\Data checking tool\Code\Live\Pearson\PEARCOM outputs.sas": Unable to parse file: __init__() got an unexpected keyword argument 'name'
ERROR:sasdocs.program: "\\hefce\ASDPROJECTS\HESA AP Student\2017-18\Data checking tool\Code\Live\Pearson\PEARCOM wrapper.sas": Unable to parse file: __init__() got an unexpected keyword argument 'name'
ERROR:sasdocs.program: "\\hefce\ASDPROJECTS\HESA AP Student\2017-18\Data checking tool\Code\Live\Pearson\DoubleCode\Pearson double code - MB.sas": Unable to parse file: __init__() got an unexpected keyword argument 'name'
ERROR:sasdocs.program: "\\hefce\ASDPROJECTS\HESA AP Student\2017-18\Data checking tool\Code\Live\RUNTYPE\PCO Libraries.sas": Unable to parse file: __init__() got an unexpected keyword argument 'name'
ERROR:sasdocs.program: "\\hefce\ASDPROJECTS\HESA AP Student\2017-18\Data checking tool\Code\Live\SLC\SLC dataset.sas": Unable to parse file: __init__() got an unexpected keyword argument 'name'
ERROR:sasdocs.program: "\\hefce\ASDPROJECTS\HESA AP Student\2017-18\Data checking tool\Code\Live\SLC\SLCCOM derived fields.sas": Unable to parse file: __init__() got an unexpected keyword argument 'name'
ERROR:sasdocs.program: "\\hefce\ASDPROJECTS\HESA AP Student\2017-18\Data checking tool\Code\Live\SLC\SLCCOM DVQs.sas": Unable to parse file: __init__() got an unexpected keyword argument 'name'
ERROR:sasdocs.program: "\\hefce\ASDPROJECTS\HESA AP Student\2017-18\Data checking tool\Code\Live\SLC\SLCCOM outputs.sas": Unable to parse file: __init__() got an unexpected keyword argument 'name'
ERROR:sasdocs.program: "&SLC_CODE_PATH.\SLCCOM DVQS.SAS": Unable to read file: [Errno 2] No such file or directory: '&SLC_CODE_PATH.\\SLCCOM DVQS.SAS'
ERROR:sasdocs.program: "&SLC_CODE_PATH.\SLCCOM OUTPUTS.SAS": Unable to read file: [Errno 2] No such file or directory: '&SLC_CODE_PATH.\\SLCCOM OUTPUTS.SAS'
ERROR:sasdocs.program: "&SLC_CODE_PATH.\SLCCOM DATASETS.SAS": Unable to read file: [Errno 2] No such file or directory: '&SLC_CODE_PATH.\\SLCCOM DATASETS.SAS'
ERROR:sasdocs.program: "&SLC_CODE_PATH.\SLCCOM DERIVED FIELDS.SAS": Unable to read file: [Errno 2] No such file or directory: '&SLC_CODE_PATH.\\SLCCOM DERIVED FIELDS.SAS'
ERROR:sasdocs.program: "&SLC_CODE_PATH.\SLCCOM UPDATE SQL.SAS": Unable to read file: [Errno 2] No such file or directory: '&SLC_CODE_PATH.\\SLCCOM UPDATE SQL.SAS'
ERROR:sasdocs.program: "\\hefce\ASDPROJECTS\HESA AP Student\2017-18\Data checking tool\Code\Live\APsafe_web.sas": Unable to parse file: sequence item 1: expected str instance, macroVariable found
ERROR:sasdocs.program: "\\hefce\ASDPROJECTS\HESA AP Student\2017-18\Data checking tool\Code\Live\MACROs.sas": Unable to parse file: __init__() got an unexpected keyword argument 'name'
ERROR:sasdocs.program: "\\hefce\ASDPROJECTS\HESA AP Student\2017-18\Data checking tool\Code\Live\package all files.sas": Unable to parse file: __init__() got an unexpected keyword argument 'name'
ERROR:sasdocs.program: "\\hefce\ASDPROJECTS\HESA AP Student\2017-18\Data checking tool\Code\Live\HEAPES\HEAPES re-creation derived fields.sas": Unable to parse file: __init__() got an unexpected keyword argument 'name'
ERROR:sasdocs.program: "\\hefce\ASDPROJECTS\HESA AP Student\2017-18\Data checking tool\Code\Live\HEAPES\HEAPES re-creation DVQs.sas": Unable to parse file: __init__() got an unexpected keyword argument 'name'
ERROR:sasdocs.program: "\\hefce\ASDPROJECTS\HESA AP Student\2017-18\Data checking tool\Code\Live\HEAPES\HEAPES re-creation outputs.sas": Unable to parse file: __init__() got an unexpected keyword argument 'name'
ERROR:sasdocs.program: "\\hefce\ASDPROJECTS\HESA AP Student\2017-18\Data checking tool\Code\Live\HEAPES\HEAPES re-creation wrapper.sas": Unable to parse file: __init__() got an unexpected keyword argument 'name'
ERROR:sasdocs.program: "\\hefce\ASDPROJECTS\HESA AP Student\2017-18\Data checking tool\Code\Live\LoadingInCode\GeneralAPHESAWrapper20172018AmndExtranet.sas": Unable to parse file: __init__() got an unexpected keyword argument 'name'
ERROR:sasdocs.program: "\\hefce\ASDPROJECTS\HESA AP Student\2017-18\Data checking tool\Code\Live\LoadingInCode\regionalDerivedFieldsStu1617.sas": Unable to parse file: __init__() got an unexpected keyword argument 'name'
ERROR:sasdocs.program: "\\hefce\ASDPROJECTS\HESA AP Student\2017-18\Data checking tool\Code\Live\LoadingInCode\xmlAPHESARecordAmend20172018.sas": Unable to parse file: __init__() got an unexpected keyword argument 'name'
ERROR:sasdocs.program: "\\hefce\ASDPROJECTS\HESA AP Student\2017-18\Data checking tool\Code\Live\LoadingInCode\xmlAPHESARecordAmend20172018_meta.sas": Unable to parse file: __init__() got an unexpected keyword argument 'name'
ERROR:sasdocs.program: "\\hefce\ASDPROJECTS\HESA AP Student\2017-18\Data checking tool\Code\Live\Outcomes\Final year outcome metrics derived fields.sas": Unable to parse file: __init__() got an unexpected keyword argument 'name'
ERROR:sasdocs.program: "\\hefce\ASDPROJECTS\HESA AP Student\2017-18\Data checking tool\Code\Live\Outcomes\Final year outcome metrics outputs.sas": Unable to parse file: __init__() got an unexpected keyword argument 'name'
ERROR:sasdocs.program: "\\hefce\ASDPROJECTS\HESA AP Student\2017-18\Data checking tool\Code\Live\Outcomes\FYOUT wrapper.sas": Unable to parse file: __init__() got an unexpected keyword argument 'name'
ERROR:sasdocs.program: "\\hefce\ASDPROJECTS\HESA AP Student\2017-18\Data checking tool\Code\Live\Pearson\PEARCOM derived fields.sas": Unable to parse file: __init__() got an unexpected keyword argument 'name'
ERROR:sasdocs.program: "\\hefce\ASDPROJECTS\HESA AP Student\2017-18\Data checking tool\Code\Live\Pearson\PEARCOM DVQs.sas": Unable to parse file: __init__() got an unexpected keyword argument 'name'
ERROR:sasdocs.program: "\\hefce\ASDPROJECTS\HESA AP Student\2017-18\Data checking tool\Code\Live\Pearson\PEARCOM outputs.sas": Unable to parse file: __init__() got an unexpected keyword argument 'name'
ERROR:sasdocs.program: "\\hefce\ASDPROJECTS\HESA AP Student\2017-18\Data checking tool\Code\Live\Pearson\PEARCOM wrapper.sas": Unable to parse file: __init__() got an unexpected keyword argument 'name'
ERROR:sasdocs.program: "\\hefce\ASDPROJECTS\HESA AP Student\2017-18\Data checking tool\Code\Live\Pearson\DoubleCode\Pearson double code - MB.sas": Unable to parse file: __init__() got an unexpected keyword argument 'name'
ERROR:sasdocs.program: "\\hefce\ASDPROJECTS\HESA AP Student\2017-18\Data checking tool\Code\Live\RUNTYPE\PCO Libraries.sas": Unable to parse file: __init__() got an unexpected keyword argument 'name'
ERROR:sasdocs.program: "\\hefce\ASDPROJECTS\HESA AP Student\2017-18\Data checking tool\Code\Live\SLC\SLC dataset.sas": Unable to parse file: __init__() got an unexpected keyword argument 'name'
ERROR:sasdocs.program: "\\hefce\ASDPROJECTS\HESA AP Student\2017-18\Data checking tool\Code\Live\SLC\SLCCOM derived fields.sas": Unable to parse file: __init__() got an unexpected keyword argument 'name'
ERROR:sasdocs.program: "\\hefce\ASDPROJECTS\HESA AP Student\2017-18\Data checking tool\Code\Live\SLC\SLCCOM DVQs.sas": Unable to parse file: __init__() got an unexpected keyword argument 'name'
ERROR:sasdocs.program: "\\hefce\ASDPROJECTS\HESA AP Student\2017-18\Data checking tool\Code\Live\SLC\SLCCOM outputs.sas": Unable to parse file: __init__() got an unexpected keyword argument 'name'
ERROR:sasdocs.program: "&SLC_CODE_PATH.\SLCCOM DATASETS.SAS": Unable to read file: [Errno 2] No such file or directory: '&SLC_CODE_PATH.\\SLCCOM DATASETS.SAS'
ERROR:sasdocs.program: "&SLC_CODE_PATH.\SLCCOM DERIVED FIELDS.SAS": Unable to read file: [Errno 2] No such file or directory: '&SLC_CODE_PATH.\\SLCCOM DERIVED FIELDS.SAS'
ERROR:sasdocs.program: "&SLC_CODE_PATH.\SLCCOM DVQS.SAS": Unable to read file: [Errno 2] No such file or directory: '&SLC_CODE_PATH.\\SLCCOM DVQS.SAS'
ERROR:sasdocs.program: "&SLC_CODE_PATH.\SLCCOM UPDATE SQL.SAS": Unable to read file: [Errno 2] No such file or directory: '&SLC_CODE_PATH.\\SLCCOM UPDATE SQL.SAS'
ERROR:sasdocs.program: "&SLC_CODE_PATH.\SLCCOM OUTPUTS.SAS": Unable to read file: [Errno 2] No such file or directory: '&SLC_CODE_PATH.\\SLCCOM OUTPUTS.SAS'
ERROR:sasdocs.program: "\\hefce\ASDPROJECTS\HESA AP Student\2017-18\Data checking tool\Code\Live\APsafe_web.sas": Unable to parse file: sequence item 1: expected str instance, macroVariable found
ERROR:sasdocs.program: "&SLC_CODE_PATH.\SLCCOM DATASETS.SAS": Unable to read file: [Errno 2] No such file or directory: '&SLC_CODE_PATH.\\SLCCOM DATASETS.SAS'
ERROR:sasdocs.program: "&FYOUT_CODE_PATH\FINAL YEAR OUTCOME METRICS DATASETS.SAS": Unable to read file: [Errno 2] No such file or directory: '&FYOUT_CODE_PATH\\FINAL YEAR OUTCOME METRICS DATASETS.SAS'
ERROR:sasdocs.program: "&FYOUT_CODE_PATH\FINAL YEAR OUTCOME METRICS DERIVED FIELDS.SAS": Unable to read file: [Errno 2] No such file or directory: '&FYOUT_CODE_PATH\\FINAL YEAR OUTCOME METRICS DERIVED FIELDS.SAS'
ERROR:sasdocs.program: "&SLC_CODE_PATH.\SLCCOM UPDATE SQL.SAS": Unable to read file: [Errno 2] No such file or directory: '&SLC_CODE_PATH.\\SLCCOM UPDATE SQL.SAS'
ERROR:sasdocs.program: "&FYOUT_CODE_PATH\FINAL YEAR OUTCOME METRICS OUTPUTS.SAS": Unable to read file: [Errno 2] No such file or directory: '&FYOUT_CODE_PATH\\FINAL YEAR OUTCOME METRICS OUTPUTS.SAS'
ERROR:sasdocs.program: "&filepath.": Unable to read file: [Errno 2] No such file or directory: '&filepath.'
ERROR:sasdocs.program: "&HEAP_CODE_PATH\HEAPES RE-CREATION OUTPUTS.SAS": Unable to read file: [Errno 2] No such file or directory: '&HEAP_CODE_PATH\\HEAPES RE-CREATION OUTPUTS.SAS'
ERROR:sasdocs.program: "&PEAR_CODE_PATH\PEARCOM DATASETS.SAS": Unable to read file: [Errno 2] No such file or directory: '&PEAR_CODE_PATH\\PEARCOM DATASETS.SAS'
ERROR:sasdocs.program: "&SLC_CODE_PATH.\SLCCOM OUTPUTS.SAS": Unable to read file: [Errno 2] No such file or directory: '&SLC_CODE_PATH.\\SLCCOM OUTPUTS.SAS'
ERROR:sasdocs.program: "&HEAP_CODE_PATH\HEAPES RE-CREATION UPDATE SQL.SAS": Unable to read file: [Errno 2] No such file or directory: '&HEAP_CODE_PATH\\HEAPES RE-CREATION UPDATE SQL.SAS'
ERROR:sasdocs.program: "&PEAR_CODE_PATH\PEARCOM OUTPUTS.SAS": Unable to read file: [Errno 2] No such file or directory: '&PEAR_CODE_PATH\\PEARCOM OUTPUTS.SAS'
ERROR:sasdocs.program: "&HEAP_CODE_PATH\HEAPES RE-CREATION DERIVED FIELDS.SAS": Unable to read file: [Errno 2] No such file or directory: '&HEAP_CODE_PATH\\HEAPES RE-CREATION DERIVED FIELDS.SAS'
ERROR:sasdocs.program: "&SLC_CODE_PATH.\SLCCOM DVQS.SAS": Unable to read file: [Errno 2] No such file or directory: '&SLC_CODE_PATH.\\SLCCOM DVQS.SAS'
ERROR:sasdocs.program: "&HEAP_CODE_PATH\HEAPES RE-CREATION DATASETS.SAS": Unable to read file: [Errno 2] No such file or directory: '&HEAP_CODE_PATH\\HEAPES RE-CREATION DATASETS.SAS'
ERROR:sasdocs.program: "&PEAR_CODE_PATH.\PEARCOM DVQS.SAS": Unable to read file: [Errno 2] No such file or directory: '&PEAR_CODE_PATH.\\PEARCOM DVQS.SAS'
ERROR:sasdocs.program: "&SLC_CODE_PATH.\SLCCOM DERIVED FIELDS.SAS": Unable to read file: [Errno 2] No such file or directory: '&SLC_CODE_PATH.\\SLCCOM DERIVED FIELDS.SAS'
ERROR:sasdocs.program: "&aphesacodelib.\regionalDerivedFieldsAP1718.sas": Unable to read file: [Errno 2] No such file or directory: '&aphesacodelib.\\regionalDerivedFieldsAP1718.sas'
ERROR:sasdocs.program: "&PEAR_CODE_PATH\PEARCOM UPDATE SQL.SAS": Unable to read file: [Errno 2] No such file or directory: '&PEAR_CODE_PATH\\PEARCOM UPDATE SQL.SAS'
ERROR:sasdocs.program: "&PEAR_CODE_PATH\PEARCOM DERIVED FIELDS.SAS": Unable to read file: [Errno 2] No such file or directory: '&PEAR_CODE_PATH\\PEARCOM DERIVED FIELDS.SAS'
ERROR:sasdocs.program: "&HEAP_CODE_PATH.\HEAPES RE-CREATION DVQS.SAS": Unable to read file: [Errno 2] No such file or directory: '&HEAP_CODE_PATH.\\HEAPES RE-CREATION DVQS.SAS'
ERROR:sasdocs.program: "&FYOUT_CODE_PATH\FINAL YEAR OUTCOME METRICS UPDATE SQL.SAS": Unable to read file: [Errno 2] No such file or directory: '&FYOUT_CODE_PATH\\FINAL YEAR OUTCOME METRICS UPDATE SQL.SAS'
ERROR:sasdocs.program: "&SLC_CODE_PATH.\SLCCOM DATASETS.SAS": Unable to read file: [Errno 2] No such file or directory: '&SLC_CODE_PATH.\\SLCCOM DATASETS.SAS'
ERROR:sasdocs.program: "&FYOUT_CODE_PATH\FINAL YEAR OUTCOME METRICS DATASETS.SAS": Unable to read file: [Errno 2] No such file or directory: '&FYOUT_CODE_PATH\\FINAL YEAR OUTCOME METRICS DATASETS.SAS'
ERROR:sasdocs.program: "&FYOUT_CODE_PATH\FINAL YEAR OUTCOME METRICS DERIVED FIELDS.SAS": Unable to read file: [Errno 2] No such file or directory: '&FYOUT_CODE_PATH\\FINAL YEAR OUTCOME METRICS DERIVED FIELDS.SAS'
ERROR:sasdocs.program: "&SLC_CODE_PATH.\SLCCOM UPDATE SQL.SAS": Unable to read file: [Errno 2] No such file or directory: '&SLC_CODE_PATH.\\SLCCOM UPDATE SQL.SAS'
ERROR:sasdocs.program: "&FYOUT_CODE_PATH\FINAL YEAR OUTCOME METRICS OUTPUTS.SAS": Unable to read file: [Errno 2] No such file or directory: '&FYOUT_CODE_PATH\\FINAL YEAR OUTCOME METRICS OUTPUTS.SAS'
ERROR:sasdocs.program: "&filepath.": Unable to read file: [Errno 2] No such file or directory: '&filepath.'
ERROR:sasdocs.program: "&HEAP_CODE_PATH\HEAPES RE-CREATION OUTPUTS.SAS": Unable to read file: [Errno 2] No such file or directory: '&HEAP_CODE_PATH\\HEAPES RE-CREATION OUTPUTS.SAS'
ERROR:sasdocs.program: "&PEAR_CODE_PATH\PEARCOM DATASETS.SAS": Unable to read file: [Errno 2] No such file or directory: '&PEAR_CODE_PATH\\PEARCOM DATASETS.SAS'
ERROR:sasdocs.program: "&SLC_CODE_PATH.\SLCCOM OUTPUTS.SAS": Unable to read file: [Errno 2] No such file or directory: '&SLC_CODE_PATH.\\SLCCOM OUTPUTS.SAS'
ERROR:sasdocs.program: "&HEAP_CODE_PATH\HEAPES RE-CREATION UPDATE SQL.SAS": Unable to read file: [Errno 2] No such file or directory: '&HEAP_CODE_PATH\\HEAPES RE-CREATION UPDATE SQL.SAS'
ERROR:sasdocs.program: "&PEAR_CODE_PATH\PEARCOM OUTPUTS.SAS": Unable to read file: [Errno 2] No such file or directory: '&PEAR_CODE_PATH\\PEARCOM OUTPUTS.SAS'
ERROR:sasdocs.program: "&HEAP_CODE_PATH\HEAPES RE-CREATION DERIVED FIELDS.SAS": Unable to read file: [Errno 2] No such file or directory: '&HEAP_CODE_PATH\\HEAPES RE-CREATION DERIVED FIELDS.SAS'
ERROR:sasdocs.program: "&SLC_CODE_PATH.\SLCCOM DVQS.SAS": Unable to read file: [Errno 2] No such file or directory: '&SLC_CODE_PATH.\\SLCCOM DVQS.SAS'
ERROR:sasdocs.program: "&HEAP_CODE_PATH\HEAPES RE-CREATION DATASETS.SAS": Unable to read file: [Errno 2] No such file or directory: '&HEAP_CODE_PATH\\HEAPES RE-CREATION DATASETS.SAS'
ERROR:sasdocs.program: "&PEAR_CODE_PATH.\PEARCOM DVQS.SAS": Unable to read file: [Errno 2] No such file or directory: '&PEAR_CODE_PATH.\\PEARCOM DVQS.SAS'
ERROR:sasdocs.program: "&SLC_CODE_PATH.\SLCCOM DERIVED FIELDS.SAS": Unable to read file: [Errno 2] No such file or directory: '&SLC_CODE_PATH.\\SLCCOM DERIVED FIELDS.SAS'
ERROR:sasdocs.program: "&aphesacodelib.\regionalDerivedFieldsAP1718.sas": Unable to read file: [Errno 2] No such file or directory: '&aphesacodelib.\\regionalDerivedFieldsAP1718.sas'
ERROR:sasdocs.program: "&PEAR_CODE_PATH\PEARCOM UPDATE SQL.SAS": Unable to read file: [Errno 2] No such file or directory: '&PEAR_CODE_PATH\\PEARCOM UPDATE SQL.SAS'
ERROR:sasdocs.program: "&PEAR_CODE_PATH\PEARCOM DERIVED FIELDS.SAS": Unable to read file: [Errno 2] No such file or directory: '&PEAR_CODE_PATH\\PEARCOM DERIVED FIELDS.SAS'
ERROR:sasdocs.program: "&HEAP_CODE_PATH.\HEAPES RE-CREATION DVQS.SAS": Unable to read file: [Errno 2] No such file or directory: '&HEAP_CODE_PATH.\\HEAPES RE-CREATION DVQS.SAS'
ERROR:sasdocs.program: "&FYOUT_CODE_PATH\FINAL YEAR OUTCOME METRICS UPDATE SQL.SAS": Unable to read file: [Errno 2] No such file or directory: '&FYOUT_CODE_PATH\\FINAL YEAR OUTCOME METRICS UPDATE SQL.SAS'
ERROR:sasdocs.program: "\\hefce\ASDPROJECTS\HESA AP Student\2017-18\Data checking tool\Code\Live\APsafe_web.sas": Unable to parse file: sequence item 1: expected str instance, macroVariable found
ERROR:sasdocs.program: "&filepath.": Unable to read file: [Errno 2] No such file or directory: '&filepath.'
ERROR:sasdocs.program: "&PEAR_CODE_PATH.\PEARCOM DVQS.SAS": Unable to read file: [Errno 2] No such file or directory: '&PEAR_CODE_PATH.\\PEARCOM DVQS.SAS'
ERROR:sasdocs.program: "&PEAR_CODE_PATH\PEARCOM UPDATE SQL.SAS": Unable to read file: [Errno 2] No such file or directory: '&PEAR_CODE_PATH\\PEARCOM UPDATE SQL.SAS'
ERROR:sasdocs.program: "&FYOUT_CODE_PATH\FINAL YEAR OUTCOME METRICS UPDATE SQL.SAS": Unable to read file: [Errno 2] No such file or directory: '&FYOUT_CODE_PATH\\FINAL YEAR OUTCOME METRICS UPDATE SQL.SAS'
ERROR:sasdocs.program: "&PEAR_CODE_PATH\PEARCOM OUTPUTS.SAS": Unable to read file: [Errno 2] No such file or directory: '&PEAR_CODE_PATH\\PEARCOM OUTPUTS.SAS'
ERROR:sasdocs.program: "&HEAP_CODE_PATH\HEAPES RE-CREATION OUTPUTS.SAS": Unable to read file: [Errno 2] No such file or directory: '&HEAP_CODE_PATH\\HEAPES RE-CREATION OUTPUTS.SAS'
ERROR:sasdocs.program: "&HEAP_CODE_PATH\HEAPES RE-CREATION DATASETS.SAS": Unable to read file: [Errno 2] No such file or directory: '&HEAP_CODE_PATH\\HEAPES RE-CREATION DATASETS.SAS'
ERROR:sasdocs.program: "&SLC_CODE_PATH.\SLCCOM DVQS.SAS": Unable to read file: [Errno 2] No such file or directory: '&SLC_CODE_PATH.\\SLCCOM DVQS.SAS'
ERROR:sasdocs.program: "&FYOUT_CODE_PATH\FINAL YEAR OUTCOME METRICS DATASETS.SAS": Unable to read file: [Errno 2] No such file or directory: '&FYOUT_CODE_PATH\\FINAL YEAR OUTCOME METRICS DATASETS.SAS'
ERROR:sasdocs.program: "&FYOUT_CODE_PATH\FINAL YEAR OUTCOME METRICS DERIVED FIELDS.SAS": Unable to read file: [Errno 2] No such file or directory: '&FYOUT_CODE_PATH\\FINAL YEAR OUTCOME METRICS DERIVED FIELDS.SAS'
ERROR:sasdocs.program: "&PEAR_CODE_PATH\PEARCOM DERIVED FIELDS.SAS": Unable to read file: [Errno 2] No such file or directory: '&PEAR_CODE_PATH\\PEARCOM DERIVED FIELDS.SAS'
ERROR:sasdocs.program: "&HEAP_CODE_PATH.\HEAPES RE-CREATION DVQS.SAS": Unable to read file: [Errno 2] No such file or directory: '&HEAP_CODE_PATH.\\HEAPES RE-CREATION DVQS.SAS'
ERROR:sasdocs.program: "&SLC_CODE_PATH.\SLCCOM DATASETS.SAS": Unable to read file: [Errno 2] No such file or directory: '&SLC_CODE_PATH.\\SLCCOM DATASETS.SAS'
ERROR:sasdocs.program: "&HEAP_CODE_PATH\HEAPES RE-CREATION DERIVED FIELDS.SAS": Unable to read file: [Errno 2] No such file or directory: '&HEAP_CODE_PATH\\HEAPES RE-CREATION DERIVED FIELDS.SAS'
ERROR:sasdocs.program: "&SLC_CODE_PATH.\SLCCOM OUTPUTS.SAS": Unable to read file: [Errno 2] No such file or directory: '&SLC_CODE_PATH.\\SLCCOM OUTPUTS.SAS'
ERROR:sasdocs.program: "&aphesacodelib.\regionalDerivedFieldsAP1718.sas": Unable to read file: [Errno 2] No such file or directory: '&aphesacodelib.\\regionalDerivedFieldsAP1718.sas'
ERROR:sasdocs.program: "&SLC_CODE_PATH.\SLCCOM UPDATE SQL.SAS": Unable to read file: [Errno 2] No such file or directory: '&SLC_CODE_PATH.\\SLCCOM UPDATE SQL.SAS'
ERROR:sasdocs.program: "&PEAR_CODE_PATH\PEARCOM DATASETS.SAS": Unable to read file: [Errno 2] No such file or directory: '&PEAR_CODE_PATH\\PEARCOM DATASETS.SAS'
ERROR:sasdocs.program: "&SLC_CODE_PATH.\SLCCOM DERIVED FIELDS.SAS": Unable to read file: [Errno 2] No such file or directory: '&SLC_CODE_PATH.\\SLCCOM DERIVED FIELDS.SAS'
ERROR:sasdocs.program: "&FYOUT_CODE_PATH\FINAL YEAR OUTCOME METRICS OUTPUTS.SAS": Unable to read file: [Errno 2] No such file or directory: '&FYOUT_CODE_PATH\\FINAL YEAR OUTCOME METRICS OUTPUTS.SAS'
ERROR:sasdocs.program: "&HEAP_CODE_PATH\HEAPES RE-CREATION UPDATE SQL.SAS": Unable to read file: [Errno 2] No such file or directory: '&HEAP_CODE_PATH\\HEAPES RE-CREATION UPDATE SQL.SAS'
ERROR:sasdocs.program: "&filepath.": Unable to read file: [Errno 2] No such file or directory: '&filepath.'
ERROR:sasdocs.program: "&PEAR_CODE_PATH.\PEARCOM DVQS.SAS": Unable to read file: [Errno 2] No such file or directory: '&PEAR_CODE_PATH.\\PEARCOM DVQS.SAS'
ERROR:sasdocs.program: "&PEAR_CODE_PATH\PEARCOM UPDATE SQL.SAS": Unable to read file: [Errno 2] No such file or directory: '&PEAR_CODE_PATH\\PEARCOM UPDATE SQL.SAS'
ERROR:sasdocs.program: "&FYOUT_CODE_PATH\FINAL YEAR OUTCOME METRICS UPDATE SQL.SAS": Unable to read file: [Errno 2] No such file or directory: '&FYOUT_CODE_PATH\\FINAL YEAR OUTCOME METRICS UPDATE SQL.SAS'
ERROR:sasdocs.program: "&PEAR_CODE_PATH\PEARCOM OUTPUTS.SAS": Unable to read file: [Errno 2] No such file or directory: '&PEAR_CODE_PATH\\PEARCOM OUTPUTS.SAS'
ERROR:sasdocs.program: "&HEAP_CODE_PATH\HEAPES RE-CREATION OUTPUTS.SAS": Unable to read file: [Errno 2] No such file or directory: '&HEAP_CODE_PATH\\HEAPES RE-CREATION OUTPUTS.SAS'
ERROR:sasdocs.program: "&HEAP_CODE_PATH\HEAPES RE-CREATION DATASETS.SAS": Unable to read file: [Errno 2] No such file or directory: '&HEAP_CODE_PATH\\HEAPES RE-CREATION DATASETS.SAS'
ERROR:sasdocs.program: "&SLC_CODE_PATH.\SLCCOM DVQS.SAS": Unable to read file: [Errno 2] No such file or directory: '&SLC_CODE_PATH.\\SLCCOM DVQS.SAS'
ERROR:sasdocs.program: "&FYOUT_CODE_PATH\FINAL YEAR OUTCOME METRICS DATASETS.SAS": Unable to read file: [Errno 2] No such file or directory: '&FYOUT_CODE_PATH\\FINAL YEAR OUTCOME METRICS DATASETS.SAS'
ERROR:sasdocs.program: "&FYOUT_CODE_PATH\FINAL YEAR OUTCOME METRICS DERIVED FIELDS.SAS": Unable to read file: [Errno 2] No such file or directory: '&FYOUT_CODE_PATH\\FINAL YEAR OUTCOME METRICS DERIVED FIELDS.SAS'
ERROR:sasdocs.program: "&PEAR_CODE_PATH\PEARCOM DERIVED FIELDS.SAS": Unable to read file: [Errno 2] No such file or directory: '&PEAR_CODE_PATH\\PEARCOM DERIVED FIELDS.SAS'
ERROR:sasdocs.program: "&HEAP_CODE_PATH.\HEAPES RE-CREATION DVQS.SAS": Unable to read file: [Errno 2] No such file or directory: '&HEAP_CODE_PATH.\\HEAPES RE-CREATION DVQS.SAS'
ERROR:sasdocs.program: "&SLC_CODE_PATH.\SLCCOM DATASETS.SAS": Unable to read file: [Errno 2] No such file or directory: '&SLC_CODE_PATH.\\SLCCOM DATASETS.SAS'
ERROR:sasdocs.program: "&HEAP_CODE_PATH\HEAPES RE-CREATION DERIVED FIELDS.SAS": Unable to read file: [Errno 2] No such file or directory: '&HEAP_CODE_PATH\\HEAPES RE-CREATION DERIVED FIELDS.SAS'
ERROR:sasdocs.program: "&SLC_CODE_PATH.\SLCCOM OUTPUTS.SAS": Unable to read file: [Errno 2] No such file or directory: '&SLC_CODE_PATH.\\SLCCOM OUTPUTS.SAS'
ERROR:sasdocs.program: "&aphesacodelib.\regionalDerivedFieldsAP1718.sas": Unable to read file: [Errno 2] No such file or directory: '&aphesacodelib.\\regionalDerivedFieldsAP1718.sas'
ERROR:sasdocs.program: "&SLC_CODE_PATH.\SLCCOM UPDATE SQL.SAS": Unable to read file: [Errno 2] No such file or directory: '&SLC_CODE_PATH.\\SLCCOM UPDATE SQL.SAS'
ERROR:sasdocs.program: "&PEAR_CODE_PATH\PEARCOM DATASETS.SAS": Unable to read file: [Errno 2] No such file or directory: '&PEAR_CODE_PATH\\PEARCOM DATASETS.SAS'
ERROR:sasdocs.program: "&SLC_CODE_PATH.\SLCCOM DERIVED FIELDS.SAS": Unable to read file: [Errno 2] No such file or directory: '&SLC_CODE_PATH.\\SLCCOM DERIVED FIELDS.SAS'
ERROR:sasdocs.program: "&FYOUT_CODE_PATH\FINAL YEAR OUTCOME METRICS OUTPUTS.SAS": Unable to read file: [Errno 2] No such file or directory: '&FYOUT_CODE_PATH\\FINAL YEAR OUTCOME METRICS OUTPUTS.SAS'
ERROR:sasdocs.program: "&HEAP_CODE_PATH\HEAPES RE-CREATION UPDATE SQL.SAS": Unable to read file: [Errno 2] No such file or directory: '&HEAP_CODE_PATH\\HEAPES RE-CREATION UPDATE SQL.SAS'
ERROR:sasdocs.program: "\\hefce\ASDPROJECTS\HESA AP Student\2017-18\Data checking tool\Code\Live\APsafe_web.sas": Unable to parse file: sequence item 1: expected str instance, macroVariable found
ERROR:sasdocs.program: "&FYOUT_CODE_PATH\FINAL YEAR OUTCOME METRICS DERIVED FIELDS.SAS": Unable to read file: [Errno 2] No such file or directory: '&FYOUT_CODE_PATH\\FINAL YEAR OUTCOME METRICS DERIVED FIELDS.SAS'
ERROR:sasdocs.program: "&HEAP_CODE_PATH\HEAPES RE-CREATION DATASETS.SAS": Unable to read file: [Errno 2] No such file or directory: '&HEAP_CODE_PATH\\HEAPES RE-CREATION DATASETS.SAS'
ERROR:sasdocs.program: "&FYOUT_CODE_PATH\FINAL YEAR OUTCOME METRICS DATASETS.SAS": Unable to read file: [Errno 2] No such file or directory: '&FYOUT_CODE_PATH\\FINAL YEAR OUTCOME METRICS DATASETS.SAS'
ERROR:sasdocs.program: "&PEAR_CODE_PATH\PEARCOM OUTPUTS.SAS": Unable to read file: [Errno 2] No such file or directory: '&PEAR_CODE_PATH\\PEARCOM OUTPUTS.SAS'
ERROR:sasdocs.program: "&filepath.": Unable to read file: [Errno 2] No such file or directory: '&filepath.'
ERROR:sasdocs.program: "&aphesacodelib.\regionalDerivedFieldsAP1718.sas": Unable to read file: [Errno 2] No such file or directory: '&aphesacodelib.\\regionalDerivedFieldsAP1718.sas'
ERROR:sasdocs.program: "&SLC_CODE_PATH.\SLCCOM DATASETS.SAS": Unable to read file: [Errno 2] No such file or directory: '&SLC_CODE_PATH.\\SLCCOM DATASETS.SAS'
ERROR:sasdocs.program: "&SLC_CODE_PATH.\SLCCOM OUTPUTS.SAS": Unable to read file: [Errno 2] No such file or directory: '&SLC_CODE_PATH.\\SLCCOM OUTPUTS.SAS'
ERROR:sasdocs.program: "&HEAP_CODE_PATH\HEAPES RE-CREATION UPDATE SQL.SAS": Unable to read file: [Errno 2] No such file or directory: '&HEAP_CODE_PATH\\HEAPES RE-CREATION UPDATE SQL.SAS'
ERROR:sasdocs.program: "&PEAR_CODE_PATH\PEARCOM DERIVED FIELDS.SAS": Unable to read file: [Errno 2] No such file or directory: '&PEAR_CODE_PATH\\PEARCOM DERIVED FIELDS.SAS'
ERROR:sasdocs.program: "&HEAP_CODE_PATH\HEAPES RE-CREATION OUTPUTS.SAS": Unable to read file: [Errno 2] No such file or directory: '&HEAP_CODE_PATH\\HEAPES RE-CREATION OUTPUTS.SAS'
ERROR:sasdocs.program: "&PEAR_CODE_PATH.\PEARCOM DVQS.SAS": Unable to read file: [Errno 2] No such file or directory: '&PEAR_CODE_PATH.\\PEARCOM DVQS.SAS'
ERROR:sasdocs.program: "&SLC_CODE_PATH.\SLCCOM UPDATE SQL.SAS": Unable to read file: [Errno 2] No such file or directory: '&SLC_CODE_PATH.\\SLCCOM UPDATE SQL.SAS'
ERROR:sasdocs.program: "&PEAR_CODE_PATH\PEARCOM UPDATE SQL.SAS": Unable to read file: [Errno 2] No such file or directory: '&PEAR_CODE_PATH\\PEARCOM UPDATE SQL.SAS'
ERROR:sasdocs.program: "&FYOUT_CODE_PATH\FINAL YEAR OUTCOME METRICS OUTPUTS.SAS": Unable to read file: [Errno 2] No such file or directory: '&FYOUT_CODE_PATH\\FINAL YEAR OUTCOME METRICS OUTPUTS.SAS'
ERROR:sasdocs.program: "&FYOUT_CODE_PATH\FINAL YEAR OUTCOME METRICS UPDATE SQL.SAS": Unable to read file: [Errno 2] No such file or directory: '&FYOUT_CODE_PATH\\FINAL YEAR OUTCOME METRICS UPDATE SQL.SAS'
ERROR:sasdocs.program: "&HEAP_CODE_PATH.\HEAPES RE-CREATION DVQS.SAS": Unable to read file: [Errno 2] No such file or directory: '&HEAP_CODE_PATH.\\HEAPES RE-CREATION DVQS.SAS'
ERROR:sasdocs.program: "&HEAP_CODE_PATH\HEAPES RE-CREATION DERIVED FIELDS.SAS": Unable to read file: [Errno 2] No such file or directory: '&HEAP_CODE_PATH\\HEAPES RE-CREATION DERIVED FIELDS.SAS'
ERROR:sasdocs.program: "&SLC_CODE_PATH.\SLCCOM DVQS.SAS": Unable to read file: [Errno 2] No such file or directory: '&SLC_CODE_PATH.\\SLCCOM DVQS.SAS'
ERROR:sasdocs.program: "&PEAR_CODE_PATH\PEARCOM DATASETS.SAS": Unable to read file: [Errno 2] No such file or directory: '&PEAR_CODE_PATH\\PEARCOM DATASETS.SAS'
ERROR:sasdocs.program: "&SLC_CODE_PATH.\SLCCOM DERIVED FIELDS.SAS": Unable to read file: [Errno 2] No such file or directory: '&SLC_CODE_PATH.\\SLCCOM DERIVED FIELDS.SAS'
ERROR:sasdocs.program: "&FYOUT_CODE_PATH\FINAL YEAR OUTCOME METRICS DERIVED FIELDS.SAS": Unable to read file: [Errno 2] No such file or directory: '&FYOUT_CODE_PATH\\FINAL YEAR OUTCOME METRICS DERIVED FIELDS.SAS'
ERROR:sasdocs.program: "&HEAP_CODE_PATH\HEAPES RE-CREATION DATASETS.SAS": Unable to read file: [Errno 2] No such file or directory: '&HEAP_CODE_PATH\\HEAPES RE-CREATION DATASETS.SAS'
ERROR:sasdocs.program: "&FYOUT_CODE_PATH\FINAL YEAR OUTCOME METRICS DATASETS.SAS": Unable to read file: [Errno 2] No such file or directory: '&FYOUT_CODE_PATH\\FINAL YEAR OUTCOME METRICS DATASETS.SAS'
ERROR:sasdocs.program: "&PEAR_CODE_PATH\PEARCOM OUTPUTS.SAS": Unable to read file: [Errno 2] No such file or directory: '&PEAR_CODE_PATH\\PEARCOM OUTPUTS.SAS'
ERROR:sasdocs.program: "&filepath.": Unable to read file: [Errno 2] No such file or directory: '&filepath.'
ERROR:sasdocs.program: "&aphesacodelib.\regionalDerivedFieldsAP1718.sas": Unable to read file: [Errno 2] No such file or directory: '&aphesacodelib.\\regionalDerivedFieldsAP1718.sas'
ERROR:sasdocs.program: "&SLC_CODE_PATH.\SLCCOM DATASETS.SAS": Unable to read file: [Errno 2] No such file or directory: '&SLC_CODE_PATH.\\SLCCOM DATASETS.SAS'
ERROR:sasdocs.program: "&SLC_CODE_PATH.\SLCCOM OUTPUTS.SAS": Unable to read file: [Errno 2] No such file or directory: '&SLC_CODE_PATH.\\SLCCOM OUTPUTS.SAS'
ERROR:sasdocs.program: "&HEAP_CODE_PATH\HEAPES RE-CREATION UPDATE SQL.SAS": Unable to read file: [Errno 2] No such file or directory: '&HEAP_CODE_PATH\\HEAPES RE-CREATION UPDATE SQL.SAS'
ERROR:sasdocs.program: "&PEAR_CODE_PATH\PEARCOM DERIVED FIELDS.SAS": Unable to read file: [Errno 2] No such file or directory: '&PEAR_CODE_PATH\\PEARCOM DERIVED FIELDS.SAS'
ERROR:sasdocs.program: "&HEAP_CODE_PATH\HEAPES RE-CREATION OUTPUTS.SAS": Unable to read file: [Errno 2] No such file or directory: '&HEAP_CODE_PATH\\HEAPES RE-CREATION OUTPUTS.SAS'
ERROR:sasdocs.program: "&PEAR_CODE_PATH.\PEARCOM DVQS.SAS": Unable to read file: [Errno 2] No such file or directory: '&PEAR_CODE_PATH.\\PEARCOM DVQS.SAS'
ERROR:sasdocs.program: "&SLC_CODE_PATH.\SLCCOM UPDATE SQL.SAS": Unable to read file: [Errno 2] No such file or directory: '&SLC_CODE_PATH.\\SLCCOM UPDATE SQL.SAS'
ERROR:sasdocs.program: "&PEAR_CODE_PATH\PEARCOM UPDATE SQL.SAS": Unable to read file: [Errno 2] No such file or directory: '&PEAR_CODE_PATH\\PEARCOM UPDATE SQL.SAS'
ERROR:sasdocs.program: "&FYOUT_CODE_PATH\FINAL YEAR OUTCOME METRICS OUTPUTS.SAS": Unable to read file: [Errno 2] No such file or directory: '&FYOUT_CODE_PATH\\FINAL YEAR OUTCOME METRICS OUTPUTS.SAS'
ERROR:sasdocs.program: "&FYOUT_CODE_PATH\FINAL YEAR OUTCOME METRICS UPDATE SQL.SAS": Unable to read file: [Errno 2] No such file or directory: '&FYOUT_CODE_PATH\\FINAL YEAR OUTCOME METRICS UPDATE SQL.SAS'
ERROR:sasdocs.program: "&HEAP_CODE_PATH.\HEAPES RE-CREATION DVQS.SAS": Unable to read file: [Errno 2] No such file or directory: '&HEAP_CODE_PATH.\\HEAPES RE-CREATION DVQS.SAS'
ERROR:sasdocs.program: "&HEAP_CODE_PATH\HEAPES RE-CREATION DERIVED FIELDS.SAS": Unable to read file: [Errno 2] No such file or directory: '&HEAP_CODE_PATH\\HEAPES RE-CREATION DERIVED FIELDS.SAS'
ERROR:sasdocs.program: "&SLC_CODE_PATH.\SLCCOM DVQS.SAS": Unable to read file: [Errno 2] No such file or directory: '&SLC_CODE_PATH.\\SLCCOM DVQS.SAS'
ERROR:sasdocs.program: "&PEAR_CODE_PATH\PEARCOM DATASETS.SAS": Unable to read file: [Errno 2] No such file or directory: '&PEAR_CODE_PATH\\PEARCOM DATASETS.SAS'
ERROR:sasdocs.program: "&SLC_CODE_PATH.\SLCCOM DERIVED FIELDS.SAS": Unable to read file: [Errno 2] No such file or directory: '&SLC_CODE_PATH.\\SLCCOM DERIVED FIELDS.SAS'
ERROR:sasdocs.program: "\\hefce\ASDPROJECTS\HESA AP Student\2017-18\Data checking tool\Code\Live\APsafe_web.sas": Unable to parse file: sequence item 1: expected str instance, macroVariable found
ERROR:sasdocs.program: "&filepath.": Unable to read file: [Errno 2] No such file or directory: '&filepath.'
ERROR:sasdocs.program: "&SLC_CODE_PATH.\SLCCOM OUTPUTS.SAS": Unable to read file: [Errno 2] No such file or directory: '&SLC_CODE_PATH.\\SLCCOM OUTPUTS.SAS'
ERROR:sasdocs.program: "&PEAR_CODE_PATH\PEARCOM DERIVED FIELDS.SAS": Unable to read file: [Errno 2] No such file or directory: '&PEAR_CODE_PATH\\PEARCOM DERIVED FIELDS.SAS'
ERROR:sasdocs.program: "&HEAP_CODE_PATH\HEAPES RE-CREATION DERIVED FIELDS.SAS": Unable to read file: [Errno 2] No such file or directory: '&HEAP_CODE_PATH\\HEAPES RE-CREATION DERIVED FIELDS.SAS'
ERROR:sasdocs.program: "&PEAR_CODE_PATH\PEARCOM DATASETS.SAS": Unable to read file: [Errno 2] No such file or directory: '&PEAR_CODE_PATH\\PEARCOM DATASETS.SAS'
ERROR:sasdocs.program: "&HEAP_CODE_PATH.\HEAPES RE-CREATION DVQS.SAS": Unable to read file: [Errno 2] No such file or directory: '&HEAP_CODE_PATH.\\HEAPES RE-CREATION DVQS.SAS'
ERROR:sasdocs.program: "&PEAR_CODE_PATH\PEARCOM OUTPUTS.SAS": Unable to read file: [Errno 2] No such file or directory: '&PEAR_CODE_PATH\\PEARCOM OUTPUTS.SAS'
ERROR:sasdocs.program: "&PEAR_CODE_PATH\PEARCOM UPDATE SQL.SAS": Unable to read file: [Errno 2] No such file or directory: '&PEAR_CODE_PATH\\PEARCOM UPDATE SQL.SAS'
ERROR:sasdocs.program: "&FYOUT_CODE_PATH\FINAL YEAR OUTCOME METRICS DERIVED FIELDS.SAS": Unable to read file: [Errno 2] No such file or directory: '&FYOUT_CODE_PATH\\FINAL YEAR OUTCOME METRICS DERIVED FIELDS.SAS'
ERROR:sasdocs.program: "&SLC_CODE_PATH.\SLCCOM DVQS.SAS": Unable to read file: [Errno 2] No such file or directory: '&SLC_CODE_PATH.\\SLCCOM DVQS.SAS'
ERROR:sasdocs.program: "&HEAP_CODE_PATH\HEAPES RE-CREATION UPDATE SQL.SAS": Unable to read file: [Errno 2] No such file or directory: '&HEAP_CODE_PATH\\HEAPES RE-CREATION UPDATE SQL.SAS'
ERROR:sasdocs.program: "&FYOUT_CODE_PATH\FINAL YEAR OUTCOME METRICS UPDATE SQL.SAS": Unable to read file: [Errno 2] No such file or directory: '&FYOUT_CODE_PATH\\FINAL YEAR OUTCOME METRICS UPDATE SQL.SAS'
ERROR:sasdocs.program: "&SLC_CODE_PATH.\SLCCOM UPDATE SQL.SAS": Unable to read file: [Errno 2] No such file or directory: '&SLC_CODE_PATH.\\SLCCOM UPDATE SQL.SAS'
ERROR:sasdocs.program: "&FYOUT_CODE_PATH\FINAL YEAR OUTCOME METRICS OUTPUTS.SAS": Unable to read file: [Errno 2] No such file or directory: '&FYOUT_CODE_PATH\\FINAL YEAR OUTCOME METRICS OUTPUTS.SAS'
ERROR:sasdocs.program: "&FYOUT_CODE_PATH\FINAL YEAR OUTCOME METRICS DATASETS.SAS": Unable to read file: [Errno 2] No such file or directory: '&FYOUT_CODE_PATH\\FINAL YEAR OUTCOME METRICS DATASETS.SAS'
ERROR:sasdocs.program: "&HEAP_CODE_PATH\HEAPES RE-CREATION DATASETS.SAS": Unable to read file: [Errno 2] No such file or directory: '&HEAP_CODE_PATH\\HEAPES RE-CREATION DATASETS.SAS'
ERROR:sasdocs.program: "&HEAP_CODE_PATH\HEAPES RE-CREATION OUTPUTS.SAS": Unable to read file: [Errno 2] No such file or directory: '&HEAP_CODE_PATH\\HEAPES RE-CREATION OUTPUTS.SAS'
ERROR:sasdocs.program: "&PEAR_CODE_PATH.\PEARCOM DVQS.SAS": Unable to read file: [Errno 2] No such file or directory: '&PEAR_CODE_PATH.\\PEARCOM DVQS.SAS'
ERROR:sasdocs.program: "&aphesacodelib.\regionalDerivedFieldsAP1718.sas": Unable to read file: [Errno 2] No such file or directory: '&aphesacodelib.\\regionalDerivedFieldsAP1718.sas'
ERROR:sasdocs.program: "&SLC_CODE_PATH.\SLCCOM DATASETS.SAS": Unable to read file: [Errno 2] No such file or directory: '&SLC_CODE_PATH.\\SLCCOM DATASETS.SAS'
ERROR:sasdocs.program: "&SLC_CODE_PATH.\SLCCOM DERIVED FIELDS.SAS": Unable to read file: [Errno 2] No such file or directory: '&SLC_CODE_PATH.\\SLCCOM DERIVED FIELDS.SAS'
ERROR:sasdocs.program: "&filepath.": Unable to read file: [Errno 2] No such file or directory: '&filepath.'
ERROR:sasdocs.program: "&SLC_CODE_PATH.\SLCCOM OUTPUTS.SAS": Unable to read file: [Errno 2] No such file or directory: '&SLC_CODE_PATH.\\SLCCOM OUTPUTS.SAS'
ERROR:sasdocs.program: "&PEAR_CODE_PATH\PEARCOM DERIVED FIELDS.SAS": Unable to read file: [Errno 2] No such file or directory: '&PEAR_CODE_PATH\\PEARCOM DERIVED FIELDS.SAS'
ERROR:sasdocs.program: "&HEAP_CODE_PATH\HEAPES RE-CREATION DERIVED FIELDS.SAS": Unable to read file: [Errno 2] No such file or directory: '&HEAP_CODE_PATH\\HEAPES RE-CREATION DERIVED FIELDS.SAS'
ERROR:sasdocs.program: "&PEAR_CODE_PATH\PEARCOM DATASETS.SAS": Unable to read file: [Errno 2] No such file or directory: '&PEAR_CODE_PATH\\PEARCOM DATASETS.SAS'
ERROR:sasdocs.program: "&HEAP_CODE_PATH.\HEAPES RE-CREATION DVQS.SAS": Unable to read file: [Errno 2] No such file or directory: '&HEAP_CODE_PATH.\\HEAPES RE-CREATION DVQS.SAS'
ERROR:sasdocs.program: "&PEAR_CODE_PATH\PEARCOM OUTPUTS.SAS": Unable to read file: [Errno 2] No such file or directory: '&PEAR_CODE_PATH\\PEARCOM OUTPUTS.SAS'
ERROR:sasdocs.program: "&PEAR_CODE_PATH\PEARCOM UPDATE SQL.SAS": Unable to read file: [Errno 2] No such file or directory: '&PEAR_CODE_PATH\\PEARCOM UPDATE SQL.SAS'
ERROR:sasdocs.program: "&FYOUT_CODE_PATH\FINAL YEAR OUTCOME METRICS DERIVED FIELDS.SAS": Unable to read file: [Errno 2] No such file or directory: '&FYOUT_CODE_PATH\\FINAL YEAR OUTCOME METRICS DERIVED FIELDS.SAS'
ERROR:sasdocs.program: "&SLC_CODE_PATH.\SLCCOM DVQS.SAS": Unable to read file: [Errno 2] No such file or directory: '&SLC_CODE_PATH.\\SLCCOM DVQS.SAS'
ERROR:sasdocs.program: "&HEAP_CODE_PATH\HEAPES RE-CREATION UPDATE SQL.SAS": Unable to read file: [Errno 2] No such file or directory: '&HEAP_CODE_PATH\\HEAPES RE-CREATION UPDATE SQL.SAS'
ERROR:sasdocs.program: "&FYOUT_CODE_PATH\FINAL YEAR OUTCOME METRICS UPDATE SQL.SAS": Unable to read file: [Errno 2] No such file or directory: '&FYOUT_CODE_PATH\\FINAL YEAR OUTCOME METRICS UPDATE SQL.SAS'
ERROR:sasdocs.program: "&SLC_CODE_PATH.\SLCCOM UPDATE SQL.SAS": Unable to read file: [Errno 2] No such file or directory: '&SLC_CODE_PATH.\\SLCCOM UPDATE SQL.SAS'
ERROR:sasdocs.program: "&FYOUT_CODE_PATH\FINAL YEAR OUTCOME METRICS OUTPUTS.SAS": Unable to read file: [Errno 2] No such file or directory: '&FYOUT_CODE_PATH\\FINAL YEAR OUTCOME METRICS OUTPUTS.SAS'
ERROR:sasdocs.program: "&FYOUT_CODE_PATH\FINAL YEAR OUTCOME METRICS DATASETS.SAS": Unable to read file: [Errno 2] No such file or directory: '&FYOUT_CODE_PATH\\FINAL YEAR OUTCOME METRICS DATASETS.SAS'
ERROR:sasdocs.program: "&HEAP_CODE_PATH\HEAPES RE-CREATION DATASETS.SAS": Unable to read file: [Errno 2] No such file or directory: '&HEAP_CODE_PATH\\HEAPES RE-CREATION DATASETS.SAS'
ERROR:sasdocs.program: "&HEAP_CODE_PATH\HEAPES RE-CREATION OUTPUTS.SAS": Unable to read file: [Errno 2] No such file or directory: '&HEAP_CODE_PATH\\HEAPES RE-CREATION OUTPUTS.SAS'
ERROR:sasdocs.program: "&PEAR_CODE_PATH.\PEARCOM DVQS.SAS": Unable to read file: [Errno 2] No such file or directory: '&PEAR_CODE_PATH.\\PEARCOM DVQS.SAS'
ERROR:sasdocs.program: "&aphesacodelib.\regionalDerivedFieldsAP1718.sas": Unable to read file: [Errno 2] No such file or directory: '&aphesacodelib.\\regionalDerivedFieldsAP1718.sas'
ERROR:sasdocs.program: "&SLC_CODE_PATH.\SLCCOM DATASETS.SAS": Unable to read file: [Errno 2] No such file or directory: '&SLC_CODE_PATH.\\SLCCOM DATASETS.SAS'
ERROR:sasdocs.program: "&SLC_CODE_PATH.\SLCCOM DERIVED FIELDS.SAS": Unable to read file: [Errno 2] No such file or directory: '&SLC_CODE_PATH.\\SLCCOM DERIVED FIELDS.SAS'
ERROR:sasdocs.program: "bad/path": Unable to read file: [Errno 2] No such file or directory: 'bad\\path'
